<?xml version="1.0" encoding="UTF-8"?>
<!-- Generated by org.testng.reporters.JUnitReportReporter -->
<testsuite hostname="DESKTOP-SQFF9V1" failures="0" tests="1" name="com.test.cases.TestScript1" time="8.075" errors="0" timestamp="2022-11-11T14:50:22 IST" skipped="0">
  <testcase classname="com.test.cases.TestScript1" name="loginFun" time="8.075"/>
  <system-out/>
</testsuite> <!-- com.test.cases.TestScript1 -->
