<?xml version="1.0" encoding="UTF-8"?>
<!-- Generated by org.testng.reporters.JUnitReportReporter -->
<testsuite hostname="DESKTOP-SQFF9V1" failures="0" tests="1" name="com.test.cases.TestScript1" time="16.524" errors="0" timestamp="2022-11-10T13:07:14 IST" skipped="0">
  <testcase classname="com.test.cases.TestScript1" name="loginFun" time="16.524"/>
  <system-out/>
</testsuite> <!-- com.test.cases.TestScript1 -->
