<?xml version="1.0" encoding="UTF-8"?>
<!-- Generated by org.testng.reporters.JUnitReportReporter -->
<testsuite hostname="DESKTOP-SQFF9V1" failures="0" tests="3" name="com.test.cases.TestScript2" time="38.250" errors="0" timestamp="2022-11-11T15:53:27 IST" skipped="0">
  <testcase classname="com.test.cases.TestScript2" name="loginFun" time="18.304"/>
  <system-out/>
  <testcase classname="com.test.cases.TestScript2" name="loginFun" time="9.564"/>
  <system-out/>
  <testcase classname="com.test.cases.TestScript2" name="loginFun" time="10.382"/>
  <system-out/>
</testsuite> <!-- com.test.cases.TestScript2 -->
